#
# A fatal error has been detected by the Java Runtime Environment:
#
#  EXCEPTION_ACCESS_VIOLATION (0xc0000005) at pc=0x0000000180005b6b, pid=13024, tid=2968
#
# JRE version: Java(TM) SE Runtime Environment (7.0_79-b15) (build 1.7.0_79-b15)
# Java VM: Java HotSpot(TM) 64-Bit Server VM (24.79-b02 mixed mode windows-amd64 compressed oops)
# Problematic frame:
# C  [rxtxSerial.dll+0x5b6b]
#
# Failed to write core dump. Minidumps are not enabled by default on client versions of Windows
#
# If you would like to submit a bug report, please visit:
#   http://bugreport.java.com/bugreport/crash.jsp
# The crash happened outside the Java Virtual Machine in native code.
# See problematic frame for where to report the bug.
#

---------------  T H R E A D  ---------------

Current thread (0x00000000149e0800):  JavaThread "Thread-3" [_thread_in_native, id=2968, stack(0x00000000158e0000,0x00000000159e0000)]

siginfo: ExceptionCode=0xc0000005, writing address 0x00000000157df1e8

Registers:
RAX=0x0000000000000000, RBX=0x0000000000000000, RCX=0x00007ffd4cdb151a, RDX=0x0000000000000000
RSP=0x00000000159df060, RBP=0x00000000ffffffff, RSI=0x0000000000000015, RDI=0x0000000000000001
R8 =0x00000000159defb8, R9 =0x00000000ffffffff, R10=0x0000000000000000, R11=0x0000000000000246
R12=0x00000000157df1e0, R13=0x0000000000000001, R14=0x0000000000000000, R15=0x0000000000000000
RIP=0x0000000180005b6b, EFLAGS=0x0000000000010246

Top of Stack: (sp=0x00000000159df060)
0x00000000159df060:   0000000000000000 0000000000000000
0x00000000159df070:   0000000000000000 0000000000000000
0x00000000159df080:   0000000000000000 00000000159df1c0
0x00000000159df090:   0000000002977138 0000000000000001
0x00000000159df0a0:   00000000149e09e8 0000000000000001
0x00000000159df0b0:   ffffffffffffffff 0000000180006211
0x00000000159df0c0:   0000000011c007a0 ffffffffffffffff
0x00000000159df0d0:   0000000000000001 0000000011c007a0
0x00000000159df0e0:   0000000000000001 00000000ffffffff
0x00000000159df0f0:   00000000159df1b8 00000000149e09e8
0x00000000159df100:   00000000159df1f0 0000000180006920
0x00000000159df110:   00000000149e09e8 000000004004667f
0x00000000159df120:   00000000159df130 fffffffffffff8b8
0x00000000159df130:   0000000000000000 0000235ac47effeb
0x00000000159df140:   0000000002896274 0000000002977138
0x00000000159df150:   00000000149e0800 00000000159df270 

Instructions: (pc=0x0000000180005b6b)
0x0000000180005b4b:   31 00 00 85 c0 78 33 74 06 03 d8 2b f8 eb 0a b9
0x0000000180005b5b:   e8 03 00 00 e8 1c 1c 00 00 41 3b dd 7c b7 8b c3
0x0000000180005b6b:   45 89 74 24 08 48 8b 5c 24 60 48 83 c4 20 41 5f
0x0000000180005b7b:   41 5e 41 5d 41 5c 5f 5e 5d c3 e8 1e 61 00 00 83 


Register to memory mapping:

RAX=0x0000000000000000 is an unknown value
RBX=0x0000000000000000 is an unknown value
RCX=0x00007ffd4cdb151a is an unknown value
RDX=0x0000000000000000 is an unknown value
RSP=0x00000000159df060 is pointing into the stack for thread: 0x00000000149e0800
RBP=0x00000000ffffffff is an unknown value
RSI=0x0000000000000015 is an unknown value
RDI=0x0000000000000001 is an unknown value
R8 =0x00000000159defb8 is pointing into the stack for thread: 0x00000000149e0800
R9 =0x00000000ffffffff is an unknown value
R10=0x0000000000000000 is an unknown value
R11=0x0000000000000246 is an unknown value
R12=0x00000000157df1e0 is an unknown value
R13=0x0000000000000001 is an unknown value
R14=0x0000000000000000 is an unknown value
R15=0x0000000000000000 is an unknown value


Stack: [0x00000000158e0000,0x00000000159e0000],  sp=0x00000000159df060,  free space=1020k
Native frames: (J=compiled Java code, j=interpreted, Vv=VM code, C=native code)
C  [rxtxSerial.dll+0x5b6b]

Java frames: (J=compiled Java code, j=interpreted, Vv=VM code)
J 171  gnu.io.RXTXPort.readArray([BII)I (0 bytes) @ 0x00000000029469b4 [0x0000000002946960+0x54]
J 167 C2 gnu.io.RXTXPort$SerialInputStream.read([B)I (149 bytes) @ 0x00000000029513c0 [0x00000000029511a0+0x220]
J 238% C2 RXTXdemo.Reader.run()V (84 bytes) @ 0x00000000029771a4 [0x0000000002976fe0+0x1c4]
j  java.lang.Thread.run()V+11
v  ~StubRoutines::call_stub

---------------  P R O C E S S  ---------------

Java Threads: ( => current thread )
=>0x00000000149e0800 JavaThread "Thread-3" [_thread_in_native, id=2968, stack(0x00000000158e0000,0x00000000159e0000)]
  0x0000000014950800 JavaThread "TimerQueue" daemon [_thread_blocked, id=12692, stack(0x00000000155e0000,0x00000000156e0000)]
  0x00000000026f0800 JavaThread "DestroyJavaVM" [_thread_blocked, id=12328, stack(0x0000000000e80000,0x0000000000f80000)]
  0x0000000011c15000 JavaThread "AWT-EventQueue-0" [_thread_blocked, id=6112, stack(0x0000000014470000,0x0000000014570000)]
  0x0000000011b27000 JavaThread "AWT-Windows" daemon [_thread_in_native, id=11660, stack(0x0000000012c00000,0x0000000012d00000)]
  0x0000000011b26000 JavaThread "AWT-Shutdown" [_thread_blocked, id=11648, stack(0x0000000012b00000,0x0000000012c00000)]
  0x0000000011af7000 JavaThread "Java2D Disposer" daemon [_thread_blocked, id=1620, stack(0x0000000012a00000,0x0000000012b00000)]
  0x00000000027e5000 JavaThread "Service Thread" daemon [_thread_blocked, id=8536, stack(0x0000000012240000,0x0000000012340000)]
  0x00000000027e4000 JavaThread "C2 CompilerThread1" daemon [_thread_blocked, id=7004, stack(0x0000000012140000,0x0000000012240000)]
  0x00000000027df000 JavaThread "C2 CompilerThread0" daemon [_thread_blocked, id=2484, stack(0x0000000012040000,0x0000000012140000)]
  0x00000000027de000 JavaThread "Attach Listener" daemon [_thread_blocked, id=11460, stack(0x0000000011f40000,0x0000000012040000)]
  0x0000000011a60800 JavaThread "Signal Dispatcher" daemon [_thread_blocked, id=11916, stack(0x0000000011e40000,0x0000000011f40000)]
  0x000000000fa71000 JavaThread "Finalizer" daemon [_thread_blocked, id=8216, stack(0x0000000011940000,0x0000000011a40000)]
  0x000000000fa6a800 JavaThread "Reference Handler" daemon [_thread_blocked, id=8872, stack(0x0000000011840000,0x0000000011940000)]

Other Threads:
  0x000000000fa66800 VMThread [stack: 0x0000000011740000,0x0000000011840000] [id=1992]
  0x0000000011a71800 WatcherThread [stack: 0x0000000012340000,0x0000000012440000] [id=2472]

VM state:not at safepoint (normal execution)

VM Mutex/Monitor currently owned by a thread: None

Heap
 PSYoungGen      total 76288K, used 51867K [0x00000007ab480000, 0x00000007b0980000, 0x0000000800000000)
  eden space 65536K, 79% used [0x00000007ab480000,0x00000007ae726ef0,0x00000007af480000)
  from space 10752K, 0% used [0x00000007aff00000,0x00000007aff00000,0x00000007b0980000)
  to   space 10752K, 0% used [0x00000007af480000,0x00000007af480000,0x00000007aff00000)
 ParOldGen       total 173056K, used 0K [0x0000000701e00000, 0x000000070c700000, 0x00000007ab480000)
  object space 173056K, 0% used [0x0000000701e00000,0x0000000701e00000,0x000000070c700000)
 PSPermGen       total 21504K, used 11943K [0x00000006fcc00000, 0x00000006fe100000, 0x0000000701e00000)
  object space 21504K, 55% used [0x00000006fcc00000,0x00000006fd7a9e88,0x00000006fe100000)

Card table byte_map: [0x0000000005950000,0x0000000006170000] byte_map_base: 0x000000000216a000

Polling page: 0x0000000000d20000

Code Cache  [0x0000000002890000, 0x0000000002b00000, 0x0000000005890000)
 total_blobs=869 nmethods=436 adapters=384 free_code_cache=47792Kb largest_free_block=48897408

Compilation events (10 events):
Event: 1814.748 Thread 0x00000000027df000 nmethod 451 0x00000000029d1910 code [0x00000000029d1a60, 0x00000000029d1bb8]
Event: 1814.760 Thread 0x00000000027e4000 nmethod 453% 0x00000000029e8590 code [0x00000000029e86e0, 0x00000000029e8d18]
Event: 1855.747 Thread 0x00000000027df000  454             java.awt.geom.AffineTransform::equals (92 bytes)
Event: 1855.750 Thread 0x00000000027df000 nmethod 454 0x00000000029e9390 code [0x00000000029e94e0, 0x00000000029e95d8]
Event: 1859.250 Thread 0x00000000027e4000  455             java.awt.Rectangle::reshape (22 bytes)
Event: 1859.250 Thread 0x00000000027e4000 nmethod 455 0x00000000029e9150 code [0x00000000029e9280, 0x00000000029e92f8]
Event: 1859.859 Thread 0x00000000027df000  456             java.util.concurrent.ConcurrentHashMap::get (141 bytes)
Event: 1859.869 Thread 0x00000000027df000 nmethod 456 0x00000000029e7f90 code [0x00000000029e8100, 0x00000000029e8368]
Event: 1861.017 Thread 0x00000000027e4000  457             sun.awt.im.InputMethodContext::dispatchEvent (62 bytes)
Event: 1861.037 Thread 0x00000000027e4000 nmethod 457 0x00000000029ec810 code [0x00000000029eca40, 0x00000000029ed770]

GC Heap History (0 events):
No events

Deoptimization events (10 events):
Event: 1758.024 Thread 0x0000000011c15000 Uncommon trap: reason=class_check action=maybe_recompile pc=0x00000000029db99c method=java.awt.Component.dispatchEventImpl(Ljava/awt/AWTEvent;)V @ 613
Event: 1758.024 Thread 0x0000000011c15000 Uncommon trap: reason=class_check action=maybe_recompile pc=0x000000000299aac4 method=javax.swing.plaf.basic.BasicBorders$MarginBorder.getBorderInsets(Ljava/awt/Component;Ljava/awt/Insets;)Ljava/awt/Insets; @ 10
Event: 1758.025 Thread 0x0000000011c15000 Uncommon trap: reason=class_check action=maybe_recompile pc=0x000000000299aac4 method=javax.swing.plaf.basic.BasicBorders$MarginBorder.getBorderInsets(Ljava/awt/Component;Ljava/awt/Insets;)Ljava/awt/Insets; @ 10
Event: 1758.031 Thread 0x0000000011b27000 Uncommon trap: reason=bimorphic action=maybe_recompile pc=0x00000000029d3bf8 method=sun.awt.windows.WComponentPeer.postEvent(Ljava/awt/AWTEvent;)V @ 2
Event: 1758.032 Thread 0x0000000011c15000 Uncommon trap: reason=class_check action=maybe_recompile pc=0x00000000029db99c method=java.awt.Component.dispatchEventImpl(Ljava/awt/AWTEvent;)V @ 613
Event: 1758.038 Thread 0x0000000011b27000 Uncommon trap: reason=bimorphic action=maybe_recompile pc=0x00000000029d3bf8 method=sun.awt.windows.WComponentPeer.postEvent(Ljava/awt/AWTEvent;)V @ 2
Event: 1758.039 Thread 0x0000000011c15000 Uncommon trap: reason=class_check action=maybe_recompile pc=0x00000000029db99c method=java.awt.Component.dispatchEventImpl(Ljava/awt/AWTEvent;)V @ 613
Event: 1814.743 Thread 0x00000000149e0800 Uncommon trap: reason=class_check action=maybe_recompile pc=0x0000000002931fa4 method=java.lang.StringCoding$StringDecoder.decode([BII)[C @ 30
Event: 1814.743 Thread 0x00000000149e0800 Uncommon trap: reason=class_check action=maybe_recompile pc=0x0000000002931fa4 method=java.lang.StringCoding$StringDecoder.decode([BII)[C @ 30
Event: 1814.743 Thread 0x00000000149e0800 Uncommon trap: reason=class_check action=maybe_recompile pc=0x000000000292be58 method=java.lang.StringCoding$StringDecoder.decode([BII)[C @ 30

Internal exceptions (10 events):
Event: 4.040 Thread 0x0000000011c15000 Threw 0x00000007aba2a858 at C:\re\jdk7u79\2331\hotspot\src\share\vm\prims\jvm.cpp:1304
Event: 4.045 Thread 0x0000000011c15000 Threw 0x00000007aba2d830 at C:\re\jdk7u79\2331\hotspot\src\share\vm\prims\jvm.cpp:1304
Event: 4.050 Thread 0x0000000011c15000 Threw 0x00000007aba31790 at C:\re\jdk7u79\2331\hotspot\src\share\vm\prims\jvm.cpp:1304
Event: 521.362 Thread 0x0000000011c15000 Implicit null exception at 0x000000000295a964 to 0x000000000295ac4b
Event: 698.274 Thread 0x0000000011c15000 Threw 0x00000007ad042108 at C:\re\jdk7u79\2331\hotspot\src\share\vm\prims\jvm.cpp:1304
Event: 698.275 Thread 0x0000000011c15000 Implicit null exception at 0x0000000002946428 to 0x0000000002946466
Event: 698.275 Thread 0x0000000011c15000 Implicit null exception at 0x00000000029381a8 to 0x00000000029381e6
Event: 698.286 Thread 0x0000000011c15000 Implicit null exception at 0x000000000296cfa4 to 0x000000000296dfa5
Event: 698.290 Thread 0x0000000011c15000 Implicit null exception at 0x000000000297230c to 0x0000000002972c4d
Event: 1695.850 Thread 0x00000000149e0800 Implicit null exception at 0x0000000002927280 to 0x0000000002927301

Events (10 events):
Event: 1814.743 Thread 0x00000000149e0800 Uncommon trap: trap_request=0xffffffde fr.pc=0x0000000002931fa4
Event: 1814.743 Thread 0x00000000149e0800 DEOPT PACKING pc=0x0000000002931fa4 sp=0x00000000159de490
Event: 1814.743 Thread 0x00000000149e0800 DEOPT UNPACKING pc=0x00000000028c75a4 sp=0x00000000159de3a8 mode 2
Event: 1814.743 Thread 0x00000000149e0800 Uncommon trap: trap_request=0xffffffde fr.pc=0x0000000002931fa4
Event: 1814.743 Thread 0x00000000149e0800 DEOPT PACKING pc=0x0000000002931fa4 sp=0x00000000159de490
Event: 1814.743 Thread 0x00000000149e0800 DEOPT UNPACKING pc=0x00000000028c75a4 sp=0x00000000159de3a8 mode 2
Event: 1814.743 Thread 0x00000000149e0800 Uncommon trap: trap_request=0xffffffde fr.pc=0x000000000292be58
Event: 1814.743 Thread 0x00000000149e0800 DEOPT PACKING pc=0x000000000292be58 sp=0x00000000159de420
Event: 1814.743 Thread 0x00000000149e0800 DEOPT UNPACKING pc=0x00000000028c75a4 sp=0x00000000159de3b0 mode 2
Event: 1868.832 Thread 0x00000000149df000 Thread exited: 0x00000000149df000


Dynamic libraries:
0x00007ff766a60000 - 0x00007ff766a93000 	C:\Program Files\Java\jre7\bin\javaw.exe
0x00007ffd4cd20000 - 0x00007ffd4cecc000 	C:\windows\SYSTEM32\ntdll.dll
0x00007ffd49860000 - 0x00007ffd4999e000 	C:\windows\system32\KERNEL32.DLL
0x00007ffd48fb0000 - 0x00007ffd490c5000 	C:\windows\system32\KERNELBASE.dll
0x00007ffd47a80000 - 0x00007ffd47b0e000 	C:\windows\system32\apphelp.dll
0x00007ffd37760000 - 0x00007ffd377b3000 	C:\windows\AppPatch\AppPatch64\AcGenral.DLL
0x00007ffd49410000 - 0x00007ffd494ba000 	C:\windows\system32\msvcrt.dll
0x00007ffd48d80000 - 0x00007ffd48dae000 	C:\windows\SYSTEM32\SspiCli.dll
0x00007ffd4bb70000 - 0x00007ffd4bbc4000 	C:\windows\system32\SHLWAPI.dll
0x00007ffd496a0000 - 0x00007ffd49817000 	C:\windows\system32\USER32.dll
0x00007ffd49c30000 - 0x00007ffd49dc4000 	C:\windows\system32\ole32.dll
0x00007ffd4a1a0000 - 0x00007ffd4b6cb000 	C:\windows\system32\SHELL32.dll
0x00007ffd48500000 - 0x00007ffd48521000 	C:\windows\SYSTEM32\USERENV.dll
0x00007ffd4b7b0000 - 0x00007ffd4b85a000 	C:\windows\system32\ADVAPI32.dll
0x00007ffd3d2b0000 - 0x00007ffd3d2ce000 	C:\windows\SYSTEM32\MPR.dll
0x00007ffd49530000 - 0x00007ffd49671000 	C:\windows\system32\RPCRT4.dll
0x00007ffd49bd0000 - 0x00007ffd49c29000 	C:\windows\SYSTEM32\sechost.dll
0x00007ffd499a0000 - 0x00007ffd49bb1000 	C:\windows\SYSTEM32\combase.dll
0x00007ffd4bbd0000 - 0x00007ffd4bd1f000 	C:\windows\system32\GDI32.dll
0x00007ffd48ee0000 - 0x00007ffd48ef5000 	C:\windows\SYSTEM32\profapi.dll
0x00007ffd47710000 - 0x00007ffd477c2000 	C:\windows\SYSTEM32\SHCORE.dll
0x00007ffd49820000 - 0x00007ffd49856000 	C:\windows\system32\IMM32.DLL
0x00007ffd4ba10000 - 0x00007ffd4bb62000 	C:\windows\system32\MSCTF.dll
0x00007ffd47250000 - 0x00007ffd474cb000 	C:\windows\WinSxS\amd64_microsoft.windows.common-controls_6595b64144ccf1df_6.0.9600.18006_none_623f33d3ecbe86e8\COMCTL32.dll
0x000000006b4a0000 - 0x000000006b572000 	C:\Program Files\Java\jre7\bin\msvcr100.dll
0x000000006a630000 - 0x000000006ae05000 	C:\Program Files\Java\jre7\bin\server\jvm.dll
0x00007ffd45590000 - 0x00007ffd45599000 	C:\windows\SYSTEM32\WSOCK32.dll
0x00007ffd46120000 - 0x00007ffd46142000 	C:\windows\SYSTEM32\WINMM.dll
0x00007ffd494c0000 - 0x00007ffd494c7000 	C:\windows\system32\PSAPI.DLL
0x00007ffd494d0000 - 0x00007ffd4952a000 	C:\windows\system32\WS2_32.dll
0x00007ffd460c0000 - 0x00007ffd460ea000 	C:\windows\SYSTEM32\WINMMBASE.dll
0x00007ffd4bd80000 - 0x00007ffd4bd89000 	C:\windows\system32\NSI.dll
0x00007ffd490d0000 - 0x00007ffd4911f000 	C:\windows\SYSTEM32\cfgmgr32.dll
0x00007ffd47cd0000 - 0x00007ffd47cf8000 	C:\windows\SYSTEM32\DEVOBJ.dll
0x000000006b620000 - 0x000000006b62f000 	C:\Program Files\Java\jre7\bin\verify.dll
0x000000006b5f0000 - 0x000000006b618000 	C:\Program Files\Java\jre7\bin\java.dll
0x000000006b5d0000 - 0x000000006b5e5000 	C:\Program Files\Java\jre7\bin\zip.dll
0x000000006a490000 - 0x000000006a625000 	C:\Program Files\Java\jre7\bin\awt.dll
0x00007ffd4b6e0000 - 0x00007ffd4b7a1000 	C:\windows\system32\OLEAUT32.dll
0x00007ffd47510000 - 0x00007ffd47531000 	C:\windows\system32\DWMAPI.DLL
0x00007ffd47ba0000 - 0x00007ffd47cc9000 	C:\windows\system32\uxtheme.dll
0x00007ffd47d40000 - 0x00007ffd47d4b000 	C:\windows\SYSTEM32\kernel.appcore.dll
0x00007ffd48e20000 - 0x00007ffd48e2b000 	C:\windows\SYSTEM32\CRYPTBASE.dll
0x00007ffd48db0000 - 0x00007ffd48e13000 	C:\windows\SYSTEM32\bcryptPrimitives.dll
0x000000006b400000 - 0x000000006b447000 	C:\Program Files\Java\jre7\bin\fontmanager.dll
0x000000006b5b0000 - 0x000000006b5ca000 	C:\Program Files\Java\jre7\bin\net.dll
0x00007ffd487c0000 - 0x00007ffd48819000 	C:\windows\system32\mswsock.dll
0x000000006b480000 - 0x000000006b491000 	C:\Program Files\Java\jre7\bin\nio.dll
0x000000006b3b0000 - 0x000000006b3f1000 	C:\Program Files\Java\jre7\bin\t2k.dll
0x0000000180000000 - 0x0000000180025000 	C:\Program Files\Java\jre7\bin\rxtxSerial.dll
0x00007ffd4a0e0000 - 0x00007ffd4a196000 	C:\windows\SYSTEM32\clbcatq.dll
0x00007ffd44430000 - 0x00007ffd445de000 	C:\windows\SYSTEM32\WindowsCodecs.dll
0x00007ffd48820000 - 0x00007ffd48840000 	C:\windows\SYSTEM32\CRYPTSP.dll
0x00007ffd483f0000 - 0x00007ffd48426000 	C:\windows\system32\rsaenh.dll
0x00007ffd48a70000 - 0x00007ffd48a96000 	C:\windows\SYSTEM32\bcrypt.dll
0x00007ffd44de0000 - 0x00007ffd44f69000 	C:\windows\SYSTEM32\dbghelp.dll

VM Arguments:
jvm_args: -Dfile.encoding=Cp1252 
java_command: RXTXdemo.FirstSerial
Launcher Type: SUN_STANDARD

Environment Variables:
PATH=C:\Program Files (x86)\Intel\iCLS Client\;C:\Program Files\Intel\iCLS Client\;C:\windows\system32;C:\windows;C:\windows\System32\Wbem;C:\windows\System32\WindowsPowerShell\v1.0\;C:\Program Files\Intel\Intel(R) Management Engine Components\DAL;C:\Program Files (x86)\Intel\Intel(R) Management Engine Components\DAL;C:\Program Files\Intel\Intel(R) Management Engine Components\IPT;C:\Program Files (x86)\Intel\Intel(R) Management Engine Components\IPT;C:\Program Files\Lenovo\Fingerprint Manager Pro\;C:\ProgramData\Lenovo\ReadyApps;C:\Program Files\Intel\WiFi\bin\;C:\Program Files\Common Files\Intel\WirelessCommon\;C:\Program Files (x86)\WinMerge;C:\Program Files\TortoiseSVN\bin;C:\Program Files (x86)\Pico Technology\PicoScope6\
USERNAME=nmejia
OS=Windows_NT
PROCESSOR_IDENTIFIER=Intel64 Family 6 Model 60 Stepping 3, GenuineIntel



---------------  S Y S T E M  ---------------

OS: Windows 8.1 , 64 bit Build 9600 

CPU:total 8 (4 cores per cpu, 2 threads per core) family 6 model 60 stepping 3, cmov, cx8, fxsr, mmx, sse, sse2, sse3, ssse3, sse4.1, sse4.2, popcnt, avx, avx2, aes, erms, ht, tsc, tscinvbit

Memory: 4k page, physical 16654024k(9891572k free), swap 33431240k(26479392k free)

vm_info: Java HotSpot(TM) 64-Bit Server VM (24.79-b02) for windows-amd64 JRE (1.7.0_79-b15), built on Apr 10 2015 12:36:16 by "java_re" with unknown MS VC++:1600

time: Wed Nov 18 16:34:25 2015
elapsed time: 1868 seconds

