#
# A fatal error has been detected by the Java Runtime Environment:
#
#  EXCEPTION_ACCESS_VIOLATION (0xc0000005) at pc=0x0000000180005b6b, pid=9960, tid=8228
#
# JRE version: Java(TM) SE Runtime Environment (7.0_79-b15) (build 1.7.0_79-b15)
# Java VM: Java HotSpot(TM) 64-Bit Server VM (24.79-b02 mixed mode windows-amd64 compressed oops)
# Problematic frame:
# C  [rxtxSerial.dll+0x5b6b]
#
# Failed to write core dump. Minidumps are not enabled by default on client versions of Windows
#
# If you would like to submit a bug report, please visit:
#   http://bugreport.java.com/bugreport/crash.jsp
# The crash happened outside the Java Virtual Machine in native code.
# See problematic frame for where to report the bug.
#

---------------  T H R E A D  ---------------

Current thread (0x000000001240a000):  JavaThread "Thread-3" [_thread_in_native, id=8228, stack(0x0000000015cc0000,0x0000000015dc0000)]

siginfo: ExceptionCode=0xc0000005, writing address 0x0000000015cbf108

Registers:
RAX=0x0000000000000000, RBX=0x0000000000000000, RCX=0x00007ffd4cdb151a, RDX=0x0000000000000000
RSP=0x0000000015dbef20, RBP=0x00000000ffffffff, RSI=0x0000000000000015, RDI=0x0000000000000001
R8 =0x0000000015dbee78, R9 =0x00000000ffffffff, R10=0x0000000000000000, R11=0x0000000000000246
R12=0x0000000015cbf100, R13=0x0000000000000001, R14=0x0000000000000000, R15=0x0000000000000000
RIP=0x0000000180005b6b, EFLAGS=0x0000000000010246

Top of Stack: (sp=0x0000000015dbef20)
0x0000000015dbef20:   0000000000000000 0000000000000000
0x0000000015dbef30:   0000000000000000 0000000000000000
0x0000000015dbef40:   0000000000000000 0000000015dbf108
0x0000000015dbef50:   00000006fd582448 0000000000000001
0x0000000015dbef60:   000000001240a1e8 0000000000000001
0x0000000015dbef70:   ffffffffffffffff 0000000180006211
0x0000000015dbef80:   000000001240a9e0 ffffffffffffffff
0x0000000015dbef90:   0000000000000001 000000001240a9e0
0x0000000015dbefa0:   0000000000000001 0000000affffffff
0x0000000015dbefb0:   0000000015dbf110 000000001240a000
0x0000000015dbefc0:   0000000000000000 000000001240a000
0x0000000015dbefd0:   0000225a0a456208 000000006a74b633
0x0000000015dbefe0:   0000000015dbf120 0000000000000001
0x0000000015dbeff0:   0000000000000000 0000225a0a456358
0x0000000015dbf000:   0000000015dbf100 00000006fd582448
0x0000000015dbf010:   000000001240a000 0000000015dbf110 

Instructions: (pc=0x0000000180005b6b)
0x0000000180005b4b:   31 00 00 85 c0 78 33 74 06 03 d8 2b f8 eb 0a b9
0x0000000180005b5b:   e8 03 00 00 e8 1c 1c 00 00 41 3b dd 7c b7 8b c3
0x0000000180005b6b:   45 89 74 24 08 48 8b 5c 24 60 48 83 c4 20 41 5f
0x0000000180005b7b:   41 5e 41 5d 41 5c 5f 5e 5d c3 e8 1e 61 00 00 83 


Register to memory mapping:

RAX=0x0000000000000000 is an unknown value
RBX=0x0000000000000000 is an unknown value
RCX=0x00007ffd4cdb151a is an unknown value
RDX=0x0000000000000000 is an unknown value
RSP=0x0000000015dbef20 is pointing into the stack for thread: 0x000000001240a000
RBP=0x00000000ffffffff is an unknown value
RSI=0x0000000000000015 is an unknown value
RDI=0x0000000000000001 is an unknown value
R8 =0x0000000015dbee78 is pointing into the stack for thread: 0x000000001240a000
R9 =0x00000000ffffffff is an unknown value
R10=0x0000000000000000 is an unknown value
R11=0x0000000000000246 is an unknown value
R12=0x0000000015cbf100 is an unknown value
R13=0x0000000000000001 is an unknown value
R14=0x0000000000000000 is an unknown value
R15=0x0000000000000000 is an unknown value


Stack: [0x0000000015cc0000,0x0000000015dc0000],  sp=0x0000000015dbef20,  free space=1019k
Native frames: (J=compiled Java code, j=interpreted, Vv=VM code, C=native code)
C  [rxtxSerial.dll+0x5b6b]

Java frames: (J=compiled Java code, j=interpreted, Vv=VM code)
j  gnu.io.RXTXPort.readArray([BII)I+0
j  gnu.io.RXTXPort$SerialInputStream.read([BII)I+212
j  gnu.io.RXTXPort$SerialInputStream.read([B)I+60
j  RXTXdemo.Reader.run()V+66
j  java.lang.Thread.run()V+11
v  ~StubRoutines::call_stub

---------------  P R O C E S S  ---------------

Java Threads: ( => current thread )
  0x0000000012408800 JavaThread "TimerQueue" daemon [_thread_blocked, id=6048, stack(0x0000000015ec0000,0x0000000015fc0000)]
=>0x000000001240a000 JavaThread "Thread-3" [_thread_in_native, id=8228, stack(0x0000000015cc0000,0x0000000015dc0000)]
  0x0000000002ce0800 JavaThread "DestroyJavaVM" [_thread_blocked, id=8080, stack(0x0000000002b80000,0x0000000002c80000)]
  0x000000001222e800 JavaThread "AWT-EventQueue-0" [_thread_blocked, id=5172, stack(0x0000000014a20000,0x0000000014b20000)]
  0x0000000012106000 JavaThread "AWT-Windows" daemon [_thread_in_native, id=5992, stack(0x00000000131b0000,0x00000000132b0000)]
  0x00000000120d9800 JavaThread "AWT-Shutdown" [_thread_blocked, id=13268, stack(0x00000000130b0000,0x00000000131b0000)]
  0x00000000120d8800 JavaThread "Java2D Disposer" daemon [_thread_blocked, id=10164, stack(0x0000000012fb0000,0x00000000130b0000)]
  0x0000000012044000 JavaThread "Service Thread" daemon [_thread_blocked, id=7640, stack(0x0000000012820000,0x0000000012920000)]
  0x0000000012043000 JavaThread "C2 CompilerThread1" daemon [_thread_blocked, id=9856, stack(0x0000000012720000,0x0000000012820000)]
  0x0000000002dda800 JavaThread "C2 CompilerThread0" daemon [_thread_blocked, id=9972, stack(0x0000000012620000,0x0000000012720000)]
  0x0000000002dd5800 JavaThread "Attach Listener" daemon [_thread_blocked, id=10624, stack(0x0000000012520000,0x0000000012620000)]
  0x0000000012041800 JavaThread "Signal Dispatcher" daemon [_thread_blocked, id=7392, stack(0x0000000012420000,0x0000000012520000)]
  0x0000000010021000 JavaThread "Finalizer" daemon [_thread_blocked, id=12236, stack(0x0000000011f20000,0x0000000012020000)]
  0x000000001001a800 JavaThread "Reference Handler" daemon [_thread_blocked, id=9180, stack(0x0000000011e20000,0x0000000011f20000)]

Other Threads:
  0x0000000010016800 VMThread [stack: 0x0000000011d20000,0x0000000011e20000] [id=12044]
  0x000000001204f800 WatcherThread [stack: 0x0000000012920000,0x0000000012a20000] [id=2472]

VM state:not at safepoint (normal execution)

VM Mutex/Monitor currently owned by a thread: None

Heap
 PSYoungGen      total 76288K, used 19097K [0x00000007ab480000, 0x00000007b0980000, 0x0000000800000000)
  eden space 65536K, 29% used [0x00000007ab480000,0x00000007ac726568,0x00000007af480000)
  from space 10752K, 0% used [0x00000007aff00000,0x00000007aff00000,0x00000007b0980000)
  to   space 10752K, 0% used [0x00000007af480000,0x00000007af480000,0x00000007aff00000)
 ParOldGen       total 173056K, used 0K [0x0000000701e00000, 0x000000070c700000, 0x00000007ab480000)
  object space 173056K, 0% used [0x0000000701e00000,0x0000000701e00000,0x000000070c700000)
 PSPermGen       total 21504K, used 11199K [0x00000006fcc00000, 0x00000006fe100000, 0x0000000701e00000)
  object space 21504K, 52% used [0x00000006fcc00000,0x00000006fd6efe08,0x00000006fe100000)

Card table byte_map: [0x0000000005ea0000,0x00000000066c0000] byte_map_base: 0x00000000026ba000

Polling page: 0x0000000002b20000

Code Cache  [0x0000000002de0000, 0x0000000003050000, 0x0000000005de0000)
 total_blobs=484 nmethods=61 adapters=375 free_code_cache=48553Kb largest_free_block=49699136

Compilation events (10 events):
Event: 17.278 Thread 0x0000000002dda800   57             java.util.IdentityHashMap$IdentityHashMapIterator::hasNext (50 bytes)
Event: 17.283 Thread 0x0000000002dda800 nmethod 57 0x0000000002e771d0 code [0x0000000002e77300, 0x0000000002e77498]
Event: 20.270 Thread 0x0000000012043000   58             sun.awt.AWTAutoShutdown::isReadyToShutdown (35 bytes)
Event: 20.273 Thread 0x0000000012043000 nmethod 58 0x0000000002e76e90 code [0x0000000002e76fe0, 0x0000000002e770c8]
Event: 20.887 Thread 0x0000000002dda800   59             java.awt.EventQueue::getNextEventPrivate (76 bytes)
Event: 20.896 Thread 0x0000000002dda800 nmethod 59 0x0000000002e74210 code [0x0000000002e74360, 0x0000000002e74548]
Event: 21.907 Thread 0x0000000012043000   60             java.awt.Toolkit$SelectiveAWTEventListener::eventDispatched (745 bytes)
Event: 21.912 Thread 0x0000000012043000 nmethod 60 0x0000000002e77bd0 code [0x0000000002e77d40, 0x0000000002e78398]
Event: 21.994 Thread 0x0000000002dda800   61             java.awt.Component::getCursor_NoClientCode (30 bytes)
Event: 21.995 Thread 0x0000000002dda800 nmethod 61 0x0000000002e752d0 code [0x0000000002e75420, 0x0000000002e754e8]

GC Heap History (0 events):
No events

Deoptimization events (9 events):
Event: 0.123 Thread 0x0000000002ce0800 Uncommon trap: reason=null_check action=make_not_entrant pc=0x0000000002e4f85c method=java.lang.String.equals(Ljava/lang/Object;)Z @ 8
Event: 2.036 Thread 0x000000001222e800 Uncommon trap: reason=class_check action=maybe_recompile pc=0x0000000002e6de18 method=java.awt.Container.findComponentAtImpl(IIZ)Ljava/awt/Component; @ 216
Event: 2.037 Thread 0x000000001222e800 Uncommon trap: reason=class_check action=maybe_recompile pc=0x0000000002e6de18 method=java.awt.Container.findComponentAtImpl(IIZ)Ljava/awt/Component; @ 216
Event: 2.038 Thread 0x000000001222e800 Uncommon trap: reason=class_check action=maybe_recompile pc=0x0000000002e6de18 method=java.awt.Container.findComponentAtImpl(IIZ)Ljava/awt/Component; @ 216
Event: 2.044 Thread 0x000000001222e800 Uncommon trap: reason=class_check action=maybe_recompile pc=0x0000000002e6de18 method=java.awt.Container.findComponentAtImpl(IIZ)Ljava/awt/Component; @ 216
Event: 3.360 Thread 0x000000001222e800 Uncommon trap: reason=class_check action=maybe_recompile pc=0x0000000002e58788 method=java.lang.String.equals(Ljava/lang/Object;)Z @ 8
Event: 3.360 Thread 0x000000001222e800 Uncommon trap: reason=class_check action=maybe_recompile pc=0x0000000002e58788 method=java.lang.String.equals(Ljava/lang/Object;)Z @ 8
Event: 3.360 Thread 0x000000001222e800 Uncommon trap: reason=class_check action=maybe_recompile pc=0x0000000002e58788 method=java.lang.String.equals(Ljava/lang/Object;)Z @ 8
Event: 9.795 Thread 0x000000001222e800 Uncommon trap: reason=class_check action=maybe_recompile pc=0x0000000002e58788 method=java.lang.String.equals(Ljava/lang/Object;)Z @ 8

Internal exceptions (10 events):
Event: 2.629 Thread 0x000000001222e800 Threw 0x00000007ab9f7d38 at C:\re\jdk7u79\2331\hotspot\src\share\vm\prims\jvm.cpp:1304
Event: 2.631 Thread 0x000000001222e800 Threw 0x00000007ab9fdac0 at C:\re\jdk7u79\2331\hotspot\src\share\vm\prims\jvm.cpp:1304
Event: 2.631 Thread 0x000000001222e800 Threw 0x00000007aba01538 at C:\re\jdk7u79\2331\hotspot\src\share\vm\prims\jvm.cpp:1304
Event: 2.632 Thread 0x000000001222e800 Threw 0x00000007aba06078 at C:\re\jdk7u79\2331\hotspot\src\share\vm\prims\jvm.cpp:1304
Event: 2.632 Thread 0x000000001222e800 Threw 0x00000007aba09db8 at C:\re\jdk7u79\2331\hotspot\src\share\vm\prims\jvm.cpp:1304
Event: 2.659 Thread 0x000000001222e800 Threw 0x00000007aba0cbc8 at C:\re\jdk7u79\2331\hotspot\src\share\vm\prims\jvm.cpp:1304
Event: 2.664 Thread 0x000000001222e800 Threw 0x00000007aba10b28 at C:\re\jdk7u79\2331\hotspot\src\share\vm\prims\jvm.cpp:1304
Event: 3.961 Thread 0x000000001222e800 Threw 0x00000007aba36c38 at C:\re\jdk7u79\2331\hotspot\src\share\vm\prims\jvm.cpp:1304
Event: 20.600 Thread 0x000000001222e800 Threw 0x00000007ac613c90 at C:\re\jdk7u79\2331\hotspot\src\share\vm\prims\jni.cpp:717
Event: 20.727 Thread 0x000000001222e800 Threw 0x00000007ac629dd8 at C:\re\jdk7u79\2331\hotspot\src\share\vm\prims\jni.cpp:717

Events (10 events):
Event: 18.149 loading class 0x0000000012089400 done
Event: 18.150 loading class 0x0000000002d57820
Event: 18.150 loading class 0x0000000002d57820 done
Event: 18.151 loading class 0x00000000120893d0
Event: 18.151 loading class 0x00000000120893d0 done
Event: 18.151 loading class 0x0000000012160f60
Event: 18.151 loading class 0x0000000012160f60 done
Event: 18.151 loading class 0x0000000012160fe0
Event: 18.151 loading class 0x0000000012160fe0 done
Event: 22.582 Thread 0x000000001240d800 Thread exited: 0x000000001240d800


Dynamic libraries:
0x00007ff766a60000 - 0x00007ff766a93000 	C:\Program Files\Java\jre7\bin\javaw.exe
0x00007ffd4cd20000 - 0x00007ffd4cecc000 	C:\windows\SYSTEM32\ntdll.dll
0x00007ffd49860000 - 0x00007ffd4999e000 	C:\windows\system32\KERNEL32.DLL
0x00007ffd48fb0000 - 0x00007ffd490c5000 	C:\windows\system32\KERNELBASE.dll
0x00007ffd47a80000 - 0x00007ffd47b0e000 	C:\windows\system32\apphelp.dll
0x00007ffd32650000 - 0x00007ffd326a3000 	C:\windows\AppPatch\AppPatch64\AcGenral.DLL
0x00007ffd49410000 - 0x00007ffd494ba000 	C:\windows\system32\msvcrt.dll
0x00007ffd48d80000 - 0x00007ffd48dae000 	C:\windows\SYSTEM32\SspiCli.dll
0x00007ffd4bb70000 - 0x00007ffd4bbc4000 	C:\windows\system32\SHLWAPI.dll
0x00007ffd496a0000 - 0x00007ffd49817000 	C:\windows\system32\USER32.dll
0x00007ffd49c30000 - 0x00007ffd49dc4000 	C:\windows\system32\ole32.dll
0x00007ffd4a1a0000 - 0x00007ffd4b6cb000 	C:\windows\system32\SHELL32.dll
0x00007ffd48500000 - 0x00007ffd48521000 	C:\windows\SYSTEM32\USERENV.dll
0x00007ffd4b7b0000 - 0x00007ffd4b85a000 	C:\windows\system32\ADVAPI32.dll
0x00007ffd3d2b0000 - 0x00007ffd3d2ce000 	C:\windows\SYSTEM32\MPR.dll
0x00007ffd49530000 - 0x00007ffd49671000 	C:\windows\system32\RPCRT4.dll
0x00007ffd49bd0000 - 0x00007ffd49c29000 	C:\windows\SYSTEM32\sechost.dll
0x00007ffd499a0000 - 0x00007ffd49bb1000 	C:\windows\SYSTEM32\combase.dll
0x00007ffd4bbd0000 - 0x00007ffd4bd1f000 	C:\windows\system32\GDI32.dll
0x00007ffd48ee0000 - 0x00007ffd48ef5000 	C:\windows\SYSTEM32\profapi.dll
0x00007ffd47710000 - 0x00007ffd477c2000 	C:\windows\SYSTEM32\SHCORE.dll
0x00007ffd49820000 - 0x00007ffd49856000 	C:\windows\system32\IMM32.DLL
0x00007ffd4ba10000 - 0x00007ffd4bb62000 	C:\windows\system32\MSCTF.dll
0x00007ffd47250000 - 0x00007ffd474cb000 	C:\windows\WinSxS\amd64_microsoft.windows.common-controls_6595b64144ccf1df_6.0.9600.18006_none_623f33d3ecbe86e8\COMCTL32.dll
0x000000006b4a0000 - 0x000000006b572000 	C:\Program Files\Java\jre7\bin\msvcr100.dll
0x000000006a630000 - 0x000000006ae05000 	C:\Program Files\Java\jre7\bin\server\jvm.dll
0x00007ffd45590000 - 0x00007ffd45599000 	C:\windows\SYSTEM32\WSOCK32.dll
0x00007ffd46120000 - 0x00007ffd46142000 	C:\windows\SYSTEM32\WINMM.dll
0x00007ffd494c0000 - 0x00007ffd494c7000 	C:\windows\system32\PSAPI.DLL
0x00007ffd494d0000 - 0x00007ffd4952a000 	C:\windows\system32\WS2_32.dll
0x00007ffd460c0000 - 0x00007ffd460ea000 	C:\windows\SYSTEM32\WINMMBASE.dll
0x00007ffd4bd80000 - 0x00007ffd4bd89000 	C:\windows\system32\NSI.dll
0x00007ffd490d0000 - 0x00007ffd4911f000 	C:\windows\SYSTEM32\cfgmgr32.dll
0x00007ffd47cd0000 - 0x00007ffd47cf8000 	C:\windows\SYSTEM32\DEVOBJ.dll
0x000000006b490000 - 0x000000006b49f000 	C:\Program Files\Java\jre7\bin\verify.dll
0x000000006b460000 - 0x000000006b488000 	C:\Program Files\Java\jre7\bin\java.dll
0x000000006b440000 - 0x000000006b455000 	C:\Program Files\Java\jre7\bin\zip.dll
0x000000006a490000 - 0x000000006a625000 	C:\Program Files\Java\jre7\bin\awt.dll
0x00007ffd4b6e0000 - 0x00007ffd4b7a1000 	C:\windows\system32\OLEAUT32.dll
0x00007ffd47510000 - 0x00007ffd47531000 	C:\windows\system32\DWMAPI.DLL
0x00007ffd47ba0000 - 0x00007ffd47cc9000 	C:\windows\system32\uxtheme.dll
0x00007ffd47d40000 - 0x00007ffd47d4b000 	C:\windows\SYSTEM32\kernel.appcore.dll
0x00007ffd48e20000 - 0x00007ffd48e2b000 	C:\windows\SYSTEM32\CRYPTBASE.dll
0x00007ffd48db0000 - 0x00007ffd48e13000 	C:\windows\SYSTEM32\bcryptPrimitives.dll
0x000000006a440000 - 0x000000006a487000 	C:\Program Files\Java\jre7\bin\fontmanager.dll
0x000000006b420000 - 0x000000006b43a000 	C:\Program Files\Java\jre7\bin\net.dll
0x00007ffd487c0000 - 0x00007ffd48819000 	C:\windows\system32\mswsock.dll
0x000000006b400000 - 0x000000006b411000 	C:\Program Files\Java\jre7\bin\nio.dll
0x000000006a3f0000 - 0x000000006a431000 	C:\Program Files\Java\jre7\bin\t2k.dll
0x0000000180000000 - 0x0000000180025000 	C:\Program Files\Java\jre7\bin\rxtxSerial.dll
0x00007ffd4a0e0000 - 0x00007ffd4a196000 	C:\windows\SYSTEM32\clbcatq.dll
0x00007ffd44430000 - 0x00007ffd445de000 	C:\windows\SYSTEM32\WindowsCodecs.dll
0x00007ffd48820000 - 0x00007ffd48840000 	C:\windows\SYSTEM32\CRYPTSP.dll
0x00007ffd483f0000 - 0x00007ffd48426000 	C:\windows\system32\rsaenh.dll
0x00007ffd48a70000 - 0x00007ffd48a96000 	C:\windows\SYSTEM32\bcrypt.dll
0x00007ffd44de0000 - 0x00007ffd44f69000 	C:\windows\SYSTEM32\dbghelp.dll

VM Arguments:
jvm_args: -Dfile.encoding=Cp1252 
java_command: RXTXdemo.FirstSerial
Launcher Type: SUN_STANDARD

Environment Variables:
PATH=C:\Program Files (x86)\Intel\iCLS Client\;C:\Program Files\Intel\iCLS Client\;C:\windows\system32;C:\windows;C:\windows\System32\Wbem;C:\windows\System32\WindowsPowerShell\v1.0\;C:\Program Files\Intel\Intel(R) Management Engine Components\DAL;C:\Program Files (x86)\Intel\Intel(R) Management Engine Components\DAL;C:\Program Files\Intel\Intel(R) Management Engine Components\IPT;C:\Program Files (x86)\Intel\Intel(R) Management Engine Components\IPT;C:\Program Files\Lenovo\Fingerprint Manager Pro\;C:\ProgramData\Lenovo\ReadyApps;C:\Program Files\Intel\WiFi\bin\;C:\Program Files\Common Files\Intel\WirelessCommon\;C:\Program Files (x86)\WinMerge;C:\Program Files\TortoiseSVN\bin;C:\Program Files (x86)\Pico Technology\PicoScope6\
USERNAME=nmejia
OS=Windows_NT
PROCESSOR_IDENTIFIER=Intel64 Family 6 Model 60 Stepping 3, GenuineIntel



---------------  S Y S T E M  ---------------

OS: Windows 8.1 , 64 bit Build 9600 

CPU:total 8 (4 cores per cpu, 2 threads per core) family 6 model 60 stepping 3, cmov, cx8, fxsr, mmx, sse, sse2, sse3, ssse3, sse4.1, sse4.2, popcnt, avx, avx2, aes, erms, ht, tsc, tscinvbit

Memory: 4k page, physical 16654024k(9534952k free), swap 33431240k(25801064k free)

vm_info: Java HotSpot(TM) 64-Bit Server VM (24.79-b02) for windows-amd64 JRE (1.7.0_79-b15), built on Apr 10 2015 12:36:16 by "java_re" with unknown MS VC++:1600

time: Thu Nov 19 15:57:36 2015
elapsed time: 22 seconds

