#
# A fatal error has been detected by the Java Runtime Environment:
#
#  EXCEPTION_ACCESS_VIOLATION (0xc0000005) at pc=0x0000000180005b6b, pid=8844, tid=4892
#
# JRE version: Java(TM) SE Runtime Environment (7.0_79-b15) (build 1.7.0_79-b15)
# Java VM: Java HotSpot(TM) 64-Bit Server VM (24.79-b02 mixed mode windows-amd64 compressed oops)
# Problematic frame:
# C  [rxtxSerial.dll+0x5b6b]
#
# Failed to write core dump. Minidumps are not enabled by default on client versions of Windows
#
# If you would like to submit a bug report, please visit:
#   http://bugreport.java.com/bugreport/crash.jsp
# The crash happened outside the Java Virtual Machine in native code.
# See problematic frame for where to report the bug.
#

---------------  T H R E A D  ---------------

Current thread (0x000000001452c000):  JavaThread "Thread-3" [_thread_in_native, id=4892, stack(0x00000000151b0000,0x00000000152b0000)]

siginfo: ExceptionCode=0xc0000005, writing address 0x00000000151aefc8

Registers:
RAX=0x0000000000000000, RBX=0x0000000000000000, RCX=0x00007ffda247151a, RDX=0x0000000000000000
RSP=0x00000000152aee70, RBP=0x00000000ffffffff, RSI=0x0000000000000015, RDI=0x0000000000000001
R8 =0x00000000152aedc8, R9 =0x00000000ffffffff, R10=0x0000000000000000, R11=0x0000000000000246
R12=0x00000000151aefc0, R13=0x0000000000000001, R14=0x0000000000000000, R15=0x0000000000000000
RIP=0x0000000180005b6b, EFLAGS=0x0000000000010246

Top of Stack: (sp=0x00000000152aee70)
0x00000000152aee70:   0000000000000000 0000000000000000
0x00000000152aee80:   0000000000000000 0000000000000000
0x00000000152aee90:   0000000000000000 00000000152af058
0x00000000152aeea0:   00000006fd582008 0000000000000001
0x00000000152aeeb0:   000000001452c1e8 0000000000000001
0x00000000152aeec0:   ffffffffffffffff 0000000180006211
0x00000000152aeed0:   000000001466a010 ffffffffffffffff
0x00000000152aeee0:   0000000000000001 000000001466a010
0x00000000152aeef0:   0000000000000001 0000000affffffff
0x00000000152aef00:   00000000152af060 000000001452c000
0x00000000152aef10:   0000000000000000 000000001452c000
0x00000000152aef20:   00001cb84f169834 000000006e79b633
0x00000000152aef30:   00000000152af070 0000000000000001
0x00000000152aef40:   0000000000000000 00001cb84f1698c4
0x00000000152aef50:   00000000152af050 00000006fd582008
0x00000000152aef60:   000000001452c000 00000000152af060 

Instructions: (pc=0x0000000180005b6b)
0x0000000180005b4b:   31 00 00 85 c0 78 33 74 06 03 d8 2b f8 eb 0a b9
0x0000000180005b5b:   e8 03 00 00 e8 1c 1c 00 00 41 3b dd 7c b7 8b c3
0x0000000180005b6b:   45 89 74 24 08 48 8b 5c 24 60 48 83 c4 20 41 5f
0x0000000180005b7b:   41 5e 41 5d 41 5c 5f 5e 5d c3 e8 1e 61 00 00 83 


Register to memory mapping:

RAX=0x0000000000000000 is an unknown value
RBX=0x0000000000000000 is an unknown value
RCX=0x00007ffda247151a is an unknown value
RDX=0x0000000000000000 is an unknown value
RSP=0x00000000152aee70 is pointing into the stack for thread: 0x000000001452c000
RBP=0x00000000ffffffff is an unknown value
RSI=0x0000000000000015 is an unknown value
RDI=0x0000000000000001 is an unknown value
R8 =0x00000000152aedc8 is pointing into the stack for thread: 0x000000001452c000
R9 =0x00000000ffffffff is an unknown value
R10=0x0000000000000000 is an unknown value
R11=0x0000000000000246 is an unknown value
R12=0x00000000151aefc0 is an unknown value
R13=0x0000000000000001 is an unknown value
R14=0x0000000000000000 is an unknown value
R15=0x0000000000000000 is an unknown value


Stack: [0x00000000151b0000,0x00000000152b0000],  sp=0x00000000152aee70,  free space=1019k
Native frames: (J=compiled Java code, j=interpreted, Vv=VM code, C=native code)
C  [rxtxSerial.dll+0x5b6b]

Java frames: (J=compiled Java code, j=interpreted, Vv=VM code)
j  gnu.io.RXTXPort.readArray([BII)I+0
j  gnu.io.RXTXPort$SerialInputStream.read([BII)I+212
j  gnu.io.RXTXPort$SerialInputStream.read([B)I+60
j  RXTXdemo.Reader.run()V+66
j  java.lang.Thread.run()V+11
v  ~StubRoutines::call_stub

---------------  P R O C E S S  ---------------

Java Threads: ( => current thread )
=>0x000000001452c000 JavaThread "Thread-3" [_thread_in_native, id=4892, stack(0x00000000151b0000,0x00000000152b0000)]
  0x0000000011a4c000 JavaThread "TimerQueue" daemon [_thread_blocked, id=4620, stack(0x0000000013e00000,0x0000000013f00000)]
  0x00000000024d0800 JavaThread "DestroyJavaVM" [_thread_blocked, id=4552, stack(0x0000000002340000,0x0000000002440000)]
  0x00000000119e4000 JavaThread "AWT-EventQueue-0" [_thread_blocked, id=9736, stack(0x0000000013f00000,0x0000000014000000)]
  0x00000000118f6000 JavaThread "AWT-Windows" daemon [_thread_in_native, id=3996, stack(0x0000000012690000,0x0000000012790000)]
  0x00000000118c9800 JavaThread "AWT-Shutdown" [_thread_blocked, id=2364, stack(0x0000000012590000,0x0000000012690000)]
  0x00000000118c9000 JavaThread "Java2D Disposer" daemon [_thread_blocked, id=5424, stack(0x0000000012490000,0x0000000012590000)]
  0x00000000025c5000 JavaThread "Service Thread" daemon [_thread_blocked, id=5444, stack(0x0000000012010000,0x0000000012110000)]
  0x00000000025c4000 JavaThread "C2 CompilerThread1" daemon [_thread_blocked, id=2820, stack(0x0000000011f10000,0x0000000012010000)]
  0x00000000025bf000 JavaThread "C2 CompilerThread0" daemon [_thread_blocked, id=3532, stack(0x0000000011e10000,0x0000000011f10000)]
  0x00000000025be000 JavaThread "Attach Listener" daemon [_thread_blocked, id=9664, stack(0x0000000011d10000,0x0000000011e10000)]
  0x0000000011830800 JavaThread "Signal Dispatcher" daemon [_thread_blocked, id=9936, stack(0x0000000011c10000,0x0000000011d10000)]
  0x000000000f810800 JavaThread "Finalizer" daemon [_thread_blocked, id=9616, stack(0x0000000011710000,0x0000000011810000)]
  0x000000000f80a000 JavaThread "Reference Handler" daemon [_thread_blocked, id=3124, stack(0x0000000011610000,0x0000000011710000)]

Other Threads:
  0x000000000f806800 VMThread [stack: 0x0000000011510000,0x0000000011610000] [id=7188]
  0x000000001183f800 WatcherThread [stack: 0x0000000012110000,0x0000000012210000] [id=5844]

VM state:not at safepoint (normal execution)

VM Mutex/Monitor currently owned by a thread: None

Heap
 PSYoungGen      total 76288K, used 19093K [0x00000007ab480000, 0x00000007b0980000, 0x0000000800000000)
  eden space 65536K, 29% used [0x00000007ab480000,0x00000007ac725718,0x00000007af480000)
  from space 10752K, 0% used [0x00000007aff00000,0x00000007aff00000,0x00000007b0980000)
  to   space 10752K, 0% used [0x00000007af480000,0x00000007af480000,0x00000007aff00000)
 ParOldGen       total 173056K, used 0K [0x0000000701e00000, 0x000000070c700000, 0x00000007ab480000)
  object space 173056K, 0% used [0x0000000701e00000,0x0000000701e00000,0x000000070c700000)
 PSPermGen       total 21504K, used 11298K [0x00000006fcc00000, 0x00000006fe100000, 0x0000000701e00000)
  object space 21504K, 52% used [0x00000006fcc00000,0x00000006fd7088a0,0x00000006fe100000)

Card table byte_map: [0x0000000005690000,0x0000000005eb0000] byte_map_base: 0x0000000001eaa000

Polling page: 0x00000000022e0000

Code Cache  [0x00000000025d0000, 0x0000000002840000, 0x00000000055d0000)
 total_blobs=479 nmethods=58 adapters=373 free_code_cache=48563Kb largest_free_block=49705920

Compilation events (10 events):
Event: 18.230 Thread 0x00000000025bf000   54             java.util.IdentityHashMap$IdentityHashMapIterator::hasNext (50 bytes)
Event: 18.235 Thread 0x00000000025bf000 nmethod 54 0x0000000002662dd0 code [0x0000000002662f00, 0x0000000002663098]
Event: 19.259 Thread 0x00000000025c4000   55             java.util.EventObject::getSource (5 bytes)
Event: 19.259 Thread 0x00000000025c4000 nmethod 55 0x0000000002662bd0 code [0x0000000002662d00, 0x0000000002662d78]
Event: 23.369 Thread 0x00000000025bf000   56             sun.awt.AWTAutoShutdown::isReadyToShutdown (35 bytes)
Event: 23.370 Thread 0x00000000025bf000 nmethod 56 0x0000000002662890 code [0x00000000026629e0, 0x0000000002662ac8]
Event: 23.408 Thread 0x00000000025c4000   57             java.awt.EventQueue::getNextEventPrivate (76 bytes)
Event: 23.412 Thread 0x00000000025c4000 nmethod 57 0x0000000002662390 code [0x00000000026624e0, 0x00000000026626c8]
Event: 24.533 Thread 0x00000000025bf000   58   !         java.awt.Container::getMouseEventTargetImpl (255 bytes)
Event: 24.570 Thread 0x00000000025bf000 nmethod 58 0x00000000026662d0 code [0x0000000002666500, 0x0000000002667708]

GC Heap History (0 events):
No events

Deoptimization events (5 events):
Event: 0.158 Thread 0x00000000024d0800 Uncommon trap: reason=null_check action=make_not_entrant pc=0x000000000263f85c method=java.lang.String.equals(Ljava/lang/Object;)Z @ 8
Event: 5.480 Thread 0x00000000119e4000 Uncommon trap: reason=class_check action=maybe_recompile pc=0x0000000002648788 method=java.lang.String.equals(Ljava/lang/Object;)Z @ 8
Event: 5.480 Thread 0x00000000119e4000 Uncommon trap: reason=class_check action=maybe_recompile pc=0x0000000002648788 method=java.lang.String.equals(Ljava/lang/Object;)Z @ 8
Event: 8.832 Thread 0x00000000119e4000 Uncommon trap: reason=class_check action=maybe_recompile pc=0x0000000002648788 method=java.lang.String.equals(Ljava/lang/Object;)Z @ 8
Event: 14.903 Thread 0x00000000119e4000 Uncommon trap: reason=class_check action=maybe_recompile pc=0x0000000002648788 method=java.lang.String.equals(Ljava/lang/Object;)Z @ 8

Internal exceptions (10 events):
Event: 1.094 Thread 0x00000000024d0800 Threw 0x00000007abbe77d8 at C:\re\jdk7u79\2331\hotspot\src\share\vm\prims\jvm.cpp:1304
Event: 3.971 Thread 0x00000000119e4000 Threw 0x00000007ab9ed1d0 at C:\re\jdk7u79\2331\hotspot\src\share\vm\prims\jvm.cpp:1304
Event: 3.973 Thread 0x00000000119e4000 Threw 0x00000007ab9ef4f0 at C:\re\jdk7u79\2331\hotspot\src\share\vm\prims\jni.cpp:717
Event: 4.372 Thread 0x00000000119e4000 Threw 0x00000007aba05638 at C:\re\jdk7u79\2331\hotspot\src\share\vm\prims\jni.cpp:717
Event: 8.928 Thread 0x00000000119e4000 Threw 0x00000007aba60f48 at C:\re\jdk7u79\2331\hotspot\src\share\vm\prims\jvm.cpp:1304
Event: 8.928 Thread 0x00000000119e4000 Threw 0x00000007aba649c0 at C:\re\jdk7u79\2331\hotspot\src\share\vm\prims\jvm.cpp:1304
Event: 8.929 Thread 0x00000000119e4000 Threw 0x00000007aba69500 at C:\re\jdk7u79\2331\hotspot\src\share\vm\prims\jvm.cpp:1304
Event: 8.929 Thread 0x00000000119e4000 Threw 0x00000007aba6d080 at C:\re\jdk7u79\2331\hotspot\src\share\vm\prims\jvm.cpp:1304
Event: 8.940 Thread 0x00000000119e4000 Threw 0x00000007aba70258 at C:\re\jdk7u79\2331\hotspot\src\share\vm\prims\jvm.cpp:1304
Event: 8.947 Thread 0x00000000119e4000 Threw 0x00000007aba741b8 at C:\re\jdk7u79\2331\hotspot\src\share\vm\prims\jvm.cpp:1304

Events (10 events):
Event: 20.243 loading class 0x0000000011a26b80
Event: 20.243 loading class 0x0000000011a26b80 done
Event: 20.243 loading class 0x0000000002525d20 done
Event: 20.243 loading class 0x0000000011a36110
Event: 20.243 loading class 0x0000000011a36110 done
Event: 24.146 loading class 0x0000000011a383b0
Event: 24.147 loading class 0x0000000011a383b0 done
Event: 24.147 loading class 0x0000000011a38430
Event: 24.147 loading class 0x0000000011a38430 done
Event: 25.479 Thread 0x000000001466a800 Thread exited: 0x000000001466a800


Dynamic libraries:
0x00007ff6d5110000 - 0x00007ff6d5143000 	C:\Program Files\Java\jre7\bin\javaw.exe
0x00007ffda23e0000 - 0x00007ffda258c000 	C:\windows\SYSTEM32\ntdll.dll
0x00007ffda0b00000 - 0x00007ffda0c3e000 	C:\windows\system32\KERNEL32.DLL
0x00007ffd9e6c0000 - 0x00007ffd9e7d5000 	C:\windows\system32\KERNELBASE.dll
0x00007ffd9d140000 - 0x00007ffd9d1ce000 	C:\windows\system32\apphelp.dll
0x00007ffd8b230000 - 0x00007ffd8b283000 	C:\windows\AppPatch\AppPatch64\AcGenral.DLL
0x00007ffda0960000 - 0x00007ffda0a0a000 	C:\windows\system32\msvcrt.dll
0x00007ffd9e440000 - 0x00007ffd9e46e000 	C:\windows\SYSTEM32\SspiCli.dll
0x00007ffd9ed80000 - 0x00007ffd9edd4000 	C:\windows\system32\SHLWAPI.dll
0x00007ffd9ead0000 - 0x00007ffd9ec47000 	C:\windows\system32\USER32.dll
0x00007ffda07b0000 - 0x00007ffda0944000 	C:\windows\system32\ole32.dll
0x00007ffd9f280000 - 0x00007ffda07ab000 	C:\windows\system32\SHELL32.dll
0x00007ffd9dbc0000 - 0x00007ffd9dbe1000 	C:\windows\SYSTEM32\USERENV.dll
0x00007ffda0a10000 - 0x00007ffda0aba000 	C:\windows\system32\ADVAPI32.dll
0x00007ffd8ae00000 - 0x00007ffd8ae1e000 	C:\windows\SYSTEM32\MPR.dll
0x00007ffda0c40000 - 0x00007ffda0d81000 	C:\windows\system32\RPCRT4.dll
0x00007ffda1120000 - 0x00007ffda1179000 	C:\windows\SYSTEM32\sechost.dll
0x00007ffda0d90000 - 0x00007ffda0fa1000 	C:\windows\SYSTEM32\combase.dll
0x00007ffd9f0c0000 - 0x00007ffd9f20f000 	C:\windows\system32\GDI32.dll
0x00007ffd9e5a0000 - 0x00007ffd9e5b5000 	C:\windows\SYSTEM32\profapi.dll
0x00007ffd9cdd0000 - 0x00007ffd9ce82000 	C:\windows\SYSTEM32\SHCORE.dll
0x00007ffda0ac0000 - 0x00007ffda0af6000 	C:\windows\system32\IMM32.DLL
0x00007ffda0fc0000 - 0x00007ffda1112000 	C:\windows\system32\MSCTF.dll
0x00007ffd9c910000 - 0x00007ffd9cb8b000 	C:\windows\WinSxS\amd64_microsoft.windows.common-controls_6595b64144ccf1df_6.0.9600.18006_none_623f33d3ecbe86e8\COMCTL32.dll
0x000000006f5a0000 - 0x000000006f672000 	C:\Program Files\Java\jre7\bin\msvcr100.dll
0x000000006e680000 - 0x000000006ee55000 	C:\Program Files\Java\jre7\bin\server\jvm.dll
0x00007ffd99df0000 - 0x00007ffd99df9000 	C:\windows\SYSTEM32\WSOCK32.dll
0x00007ffd9bbb0000 - 0x00007ffd9bbd2000 	C:\windows\SYSTEM32\WINMM.dll
0x00007ffd9f0b0000 - 0x00007ffd9f0b7000 	C:\windows\system32\PSAPI.DLL
0x00007ffda1180000 - 0x00007ffda11da000 	C:\windows\system32\WS2_32.dll
0x00007ffd9ba10000 - 0x00007ffd9ba3a000 	C:\windows\SYSTEM32\WINMMBASE.dll
0x00007ffd9f0a0000 - 0x00007ffd9f0a9000 	C:\windows\system32\NSI.dll
0x00007ffd9e670000 - 0x00007ffd9e6bf000 	C:\windows\SYSTEM32\cfgmgr32.dll
0x00007ffd9d390000 - 0x00007ffd9d3b8000 	C:\windows\SYSTEM32\DEVOBJ.dll
0x000000006f590000 - 0x000000006f59f000 	C:\Program Files\Java\jre7\bin\verify.dll
0x000000006f560000 - 0x000000006f588000 	C:\Program Files\Java\jre7\bin\java.dll
0x000000006f540000 - 0x000000006f555000 	C:\Program Files\Java\jre7\bin\zip.dll
0x000000006e4e0000 - 0x000000006e675000 	C:\Program Files\Java\jre7\bin\awt.dll
0x00007ffd9ec50000 - 0x00007ffd9ed11000 	C:\windows\system32\OLEAUT32.dll
0x00007ffd9cbd0000 - 0x00007ffd9cbf1000 	C:\windows\system32\DWMAPI.DLL
0x00007ffd9d260000 - 0x00007ffd9d389000 	C:\windows\system32\uxtheme.dll
0x00007ffd9d3e0000 - 0x00007ffd9d3eb000 	C:\windows\SYSTEM32\kernel.appcore.dll
0x00007ffd9e4e0000 - 0x00007ffd9e4eb000 	C:\windows\SYSTEM32\CRYPTBASE.dll
0x00007ffd9e470000 - 0x00007ffd9e4d3000 	C:\windows\SYSTEM32\bcryptPrimitives.dll
0x000000006f470000 - 0x000000006f4b7000 	C:\Program Files\Java\jre7\bin\fontmanager.dll
0x000000006f520000 - 0x000000006f53a000 	C:\Program Files\Java\jre7\bin\net.dll
0x00007ffd9de80000 - 0x00007ffd9ded9000 	C:\windows\system32\mswsock.dll
0x000000006f500000 - 0x000000006f511000 	C:\Program Files\Java\jre7\bin\nio.dll
0x000000006f420000 - 0x000000006f461000 	C:\Program Files\Java\jre7\bin\t2k.dll
0x0000000180000000 - 0x0000000180025000 	C:\Program Files\Java\jre7\bin\rxtxSerial.dll
0x00007ffd9ee00000 - 0x00007ffd9eeb6000 	C:\windows\SYSTEM32\clbcatq.dll
0x00007ffd99290000 - 0x00007ffd9943e000 	C:\windows\SYSTEM32\WindowsCodecs.dll
0x00007ffd9dee0000 - 0x00007ffd9df00000 	C:\windows\SYSTEM32\CRYPTSP.dll
0x00007ffd9dab0000 - 0x00007ffd9dae6000 	C:\windows\system32\rsaenh.dll
0x00007ffd9e130000 - 0x00007ffd9e156000 	C:\windows\SYSTEM32\bcrypt.dll
0x00007ffd9aa50000 - 0x00007ffd9abd9000 	C:\windows\SYSTEM32\dbghelp.dll

VM Arguments:
jvm_args: -Dfile.encoding=Cp1252 
java_command: RXTXdemo.FirstSerial
Launcher Type: SUN_STANDARD

Environment Variables:
PATH=C:\Program Files (x86)\Intel\iCLS Client\;C:\Program Files\Intel\iCLS Client\;C:\windows\system32;C:\windows;C:\windows\System32\Wbem;C:\windows\System32\WindowsPowerShell\v1.0\;C:\Program Files\Intel\Intel(R) Management Engine Components\DAL;C:\Program Files (x86)\Intel\Intel(R) Management Engine Components\DAL;C:\Program Files\Intel\Intel(R) Management Engine Components\IPT;C:\Program Files (x86)\Intel\Intel(R) Management Engine Components\IPT;C:\Program Files\Lenovo\Fingerprint Manager Pro\;C:\ProgramData\Lenovo\ReadyApps;C:\Program Files\Intel\WiFi\bin\;C:\Program Files\Common Files\Intel\WirelessCommon\;C:\Program Files (x86)\WinMerge;C:\Program Files\TortoiseSVN\bin;C:\Program Files (x86)\Pico Technology\PicoScope6\
USERNAME=nmejia
OS=Windows_NT
PROCESSOR_IDENTIFIER=Intel64 Family 6 Model 60 Stepping 3, GenuineIntel



---------------  S Y S T E M  ---------------

OS: Windows 8.1 , 64 bit Build 9600 

CPU:total 8 (4 cores per cpu, 2 threads per core) family 6 model 60 stepping 3, cmov, cx8, fxsr, mmx, sse, sse2, sse3, ssse3, sse4.1, sse4.2, popcnt, avx, avx2, aes, erms, ht, tsc, tscinvbit

Memory: 4k page, physical 16654024k(12643596k free), swap 33431240k(28458664k free)

vm_info: Java HotSpot(TM) 64-Bit Server VM (24.79-b02) for windows-amd64 JRE (1.7.0_79-b15), built on Apr 10 2015 12:36:16 by "java_re" with unknown MS VC++:1600

time: Wed Nov 11 15:20:02 2015
elapsed time: 25 seconds

